Wed Feb 15 03:08:11 2017 [8787][-none-][FATAL] SECURITY: User authentication for admin failed
Wed Feb 15 03:08:11 2017 [8787][-none-][FATAL] FAILED LOGIN:attempts[1] - admin
Wed Feb 15 03:38:44 2017 [11120][1][FATAL] Executing repair query:  Query Failed: ALTER TABLE leads   add COLUMN parrent_leads varchar(50)  NULL: MySQL error 1060: Duplicate column name 'parrent_leads'
Wed Feb 15 03:38:44 2017 [11120][1][FATAL] Exception in Controller: Database failure. Please refer to suitecrm.log for details.
Wed Feb 15 03:44:50 2017 [10681][1][FATAL] Caught error: Accessing static property ImportFieldSanitize::$createdBeans as non static
Wed Feb 15 03:44:51 2017 [10681][1][FATAL] Caught error: Undefined property: addPaymentClass::$payment_realized
Wed Feb 15 03:44:52 2017 [10681][1][FATAL] Caught error: Undefined property: addPaymentClass::$payment_realized
Wed Feb 15 03:44:52 2017 [10681][1][FATAL] Caught error: Undefined property: addPaymentClass::$payment_realized
Wed Feb 15 03:44:52 2017 [10681][1][FATAL] Caught error: Undefined property: addPaymentClass::$payment_realized
Wed Feb 15 03:44:52 2017 [10681][1][FATAL] Caught error: stat(): stat failed for upload/import/status_1.csv
Wed Feb 15 03:44:52 2017 [10681][1][FATAL] Caught error: touch(): UploadStream::stream_metadata is not implemented!
Wed Feb 15 03:48:52 2017 [11223][1][FATAL] Caught error: Accessing static property ImportFieldSanitize::$createdBeans as non static
Wed Feb 15 03:48:52 2017 [11223][1][FATAL] Caught error: Undefined variable: id
Wed Feb 15 03:48:52 2017 [11223][1][FATAL] Caught error: Undefined variable: id
Wed Feb 15 03:48:52 2017 [11223][1][FATAL] Caught error: Undefined variable: id
Wed Feb 15 03:48:52 2017 [11223][1][FATAL] Caught error: Undefined variable: id
Wed Feb 15 03:50:18 2017 [10681][1][FATAL] Caught error: Accessing static property ImportFieldSanitize::$createdBeans as non static
Wed Feb 15 03:55:22 2017 [11635][1][FATAL] Caught error: Accessing static property ImportFieldSanitize::$createdBeans as non static
Wed Feb 15 03:55:23 2017 [11635][1][FATAL] Caught error: stat(): stat failed for upload/import/status_1.csv
Wed Feb 15 03:55:23 2017 [11635][1][FATAL] Caught error: touch(): UploadStream::stream_metadata is not implemented!
Wed Feb 15 03:56:48 2017 [11635][1][FATAL] Caught error: Accessing static property ImportFieldSanitize::$createdBeans as non static
Wed Feb 15 03:56:49 2017 [11635][1][FATAL] Caught error: stat(): stat failed for upload/import/status_1.csv
Wed Feb 15 03:56:49 2017 [11635][1][FATAL] Caught error: touch(): UploadStream::stream_metadata is not implemented!
Wed Feb 15 03:58:18 2017 [11602][-none-][FATAL]  Query Failed: SELECT t1.id,t1.`parent_lead_id`,t1.`lead_id`,t2.assigned_user_id FROM `leads_duplicate` AS t1 INNER JOIN leads AS t2 ON t1.parent_lead_id=t2.id WHERE (t1.`is_assigened`=0) AND (t2.assigned_user_id!='NULL') LIMIT 0,50: MySQL error 1054: Unknown column 't1.is_assigened' in 'where clause'
Wed Feb 15 03:58:21 2017 [11602][-none-][FATAL]  Query Failed: SELECT t1.id,t1.`parent_lead_id`,t1.`lead_id`,t2.assigned_user_id FROM `leads_duplicate` AS t1 INNER JOIN leads AS t2 ON t1.parent_lead_id=t2.id WHERE (t1.`is_assigened`=0) AND (t2.assigned_user_id!='NULL') LIMIT 0,50: MySQL error 1054: Unknown column 't1.is_assigened' in 'where clause'
Wed Feb 15 03:58:22 2017 [11602][-none-][FATAL]  Query Failed: SELECT t1.id,t1.`parent_lead_id`,t1.`lead_id`,t2.assigned_user_id FROM `leads_duplicate` AS t1 INNER JOIN leads AS t2 ON t1.parent_lead_id=t2.id WHERE (t1.`is_assigened`=0) AND (t2.assigned_user_id!='NULL') LIMIT 0,50: MySQL error 1054: Unknown column 't1.is_assigened' in 'where clause'
Wed Feb 15 03:58:23 2017 [11602][-none-][FATAL]  Query Failed: SELECT t1.id,t1.`parent_lead_id`,t1.`lead_id`,t2.assigned_user_id FROM `leads_duplicate` AS t1 INNER JOIN leads AS t2 ON t1.parent_lead_id=t2.id WHERE (t1.`is_assigened`=0) AND (t2.assigned_user_id!='NULL') LIMIT 0,50: MySQL error 1054: Unknown column 't1.is_assigened' in 'where clause'
Wed Feb 15 03:58:25 2017 [11602][-none-][FATAL]  Query Failed: SELECT t1.id,t1.`parent_lead_id`,t1.`lead_id`,t2.assigned_user_id FROM `leads_duplicate` AS t1 INNER JOIN leads AS t2 ON t1.parent_lead_id=t2.id WHERE (t1.`is_assigened`=0) AND (t2.assigned_user_id!='NULL') LIMIT 0,50: MySQL error 1054: Unknown column 't1.is_assigened' in 'where clause'
Wed Feb 15 04:07:11 2017 [11669][1][FATAL] Request - Array
(
    [module] => Leads
    [record] => 
    [isDuplicate] => false
    [action] => Save
    [return_module] => Leads
    [return_action] => DetailView
    [return_id] => 
    [module_tab] => 
    [contact_role] => 
    [relate_to] => Leads
    [relate_id] => 
    [offset] => 1
    [prospect_id] => 
    [account_id] => 
    [contact_id] => 
    [opportunity_id] => 
    [first_name] => mm
    [last_name] => fdf
    [gender] => Male
    [birthdate] => 
    [Leads_email_widget_id] => 0
    [emailAddressWidget] => 1
    [Leads0emailAddress0] => df@fd.vg
    [Leads0emailAddressId0] => 
    [Leads0emailAddressPrimaryFlag] => Leads0emailAddress0
    [Leads0emailAddressVerifiedFlag0] => true
    [Leads0emailAddressVerifiedValue0] => 
    [useEmailWidget] => true
    [phone_mobile] => 
    [education_c] => 
    [phone_other] => 
    [work_experience_c] => 
    [functional_area_c] => 
    [company_c] => 
    [primary_address_city] => 
    [primary_address_state] => 
    [primary_address_country] => indias
    [batch_c] => testbatch1
    [te_ba_batch_id_c] => 2b85ecf7-3a9a-0586-b1a5-586aae9b52ee
    [utm_campaign] => 
    [comment] => 
    [lead_source] => 
    [leads_leads_1_name] => 
    [leads_leads_1leads_ida] => 
    [status] => Alive
    [status_description] => New Lead
    [note] => 
    [assigned_user_name] => Admin Administrator
    [assigned_user_id] => 1
    [date_of_followup] => 2017-02-15 11:00
    [date_of_callback] => 2017-02-15 11:00
    [date_of_prospect] => 
    [payment_type] => 
    [payment_source] => 
    [amount] => 
    [payment_realized] => 0
    [date_of_payment] => 
    [reference_number] => 
    [transaction_id] => 
)

Wed Feb 15 04:24:00 2017 [11918][1][FATAL] Caught error: Accessing static property ImportFieldSanitize::$createdBeans as non static
Wed Feb 15 04:24:00 2017 [11918][1][FATAL] Caught error: stat(): stat failed for upload/import/status_1.csv
Wed Feb 15 04:24:00 2017 [11918][1][FATAL] Caught error: touch(): UploadStream::stream_metadata is not implemented!
Wed Feb 15 04:30:28 2017 [12558][1][FATAL] Caught error: Accessing static property ImportFieldSanitize::$createdBeans as non static
Wed Feb 15 04:30:29 2017 [12558][1][FATAL] Caught error: stat(): stat failed for upload/import/status_1.csv
Wed Feb 15 04:30:29 2017 [12558][1][FATAL] Caught error: touch(): UploadStream::stream_metadata is not implemented!
Wed Feb 15 04:32:28 2017 [12411][-none-][FATAL]  Query Failed: SELECT t1.id,t1.`parent_lead_id`,t1.`lead_id`,t2.assigned_user_id FROM `leads_duplicate` AS t1 INNER JOIN leads AS t2 ON t1.parent_lead_id=t2.id WHERE (t1.`is_assigened`=0) AND (t2.assigned_user_id!='NULL') LIMIT 0,50: MySQL error 1054: Unknown column 't1.is_assigened' in 'where clause'
Wed Feb 15 04:32:34 2017 [12603][-none-][FATAL]  Query Failed: SELECT t1.id,t1.`parent_lead_id`,t1.`lead_id`,t2.assigned_user_id FROM `leads_duplicate` AS t1 INNER JOIN leads AS t2 ON t1.parent_lead_id=t2.id WHERE (t1.`is_assigened`=0) AND (t2.assigned_user_id!='NULL') LIMIT 0,50: MySQL error 1054: Unknown column 't1.is_assigened' in 'where clause'
Wed Feb 15 04:37:50 2017 [12224][-none-][FATAL]  Query Failed: SELECT t1.id,t1.`parent_lead_id`,t1.`lead_id`,t2.assigned_user_id FROM `leads_duplicate` AS t1 INNER JOIN leads AS t2 ON t1.parent_lead_id=t2.id WHERE (t1.`is_assigened`=0) AND (t2.assigned_user_id!='NULL') LIMIT 0,50: MySQL error 1054: Unknown column 't1.is_assigened' in 'where clause'
Wed Feb 15 04:37:52 2017 [12224][-none-][FATAL]  Query Failed: SELECT t1.id,t1.`parent_lead_id`,t1.`lead_id`,t2.assigned_user_id FROM `leads_duplicate` AS t1 INNER JOIN leads AS t2 ON t1.parent_lead_id=t2.id WHERE (t1.`is_assigened`=0) AND (t2.assigned_user_id!='NULL') LIMIT 0,50: MySQL error 1054: Unknown column 't1.is_assigened' in 'where clause'
Wed Feb 15 04:39:03 2017 [12891][1][FATAL] Caught error: Accessing static property ImportFieldSanitize::$createdBeans as non static
Wed Feb 15 04:39:04 2017 [12891][1][FATAL] Caught error: stat(): stat failed for upload/import/status_1.csv
Wed Feb 15 04:39:04 2017 [12891][1][FATAL] Caught error: touch(): UploadStream::stream_metadata is not implemented!
Wed Feb 15 04:40:17 2017 [12817][-none-][FATAL]  Query Failed: SELECT t1.id,t1.`parent_lead_id`,t1.`lead_id`,t2.assigned_user_id FROM `leads_duplicate` AS t1 INNER JOIN leads AS t2 ON t1.parent_lead_id=t2.id WHERE (t1.`is_assigened`=0) AND (t2.assigned_user_id!='NULL') LIMIT 0,50: MySQL error 1054: Unknown column 't1.is_assigened' in 'where clause'
Wed Feb 15 04:40:18 2017 [12817][-none-][FATAL]  Query Failed: SELECT t1.id,t1.`parent_lead_id`,t1.`lead_id`,t2.assigned_user_id FROM `leads_duplicate` AS t1 INNER JOIN leads AS t2 ON t1.parent_lead_id=t2.id WHERE (t1.`is_assigened`=0) AND (t2.assigned_user_id!='NULL') LIMIT 0,50: MySQL error 1054: Unknown column 't1.is_assigened' in 'where clause'
Wed Feb 15 04:40:19 2017 [12817][-none-][FATAL]  Query Failed: SELECT t1.id,t1.`parent_lead_id`,t1.`lead_id`,t2.assigned_user_id FROM `leads_duplicate` AS t1 INNER JOIN leads AS t2 ON t1.parent_lead_id=t2.id WHERE (t1.`is_assigened`=0) AND (t2.assigned_user_id!='NULL') LIMIT 0,50: MySQL error 1054: Unknown column 't1.is_assigened' in 'where clause'
Wed Feb 15 04:40:31 2017 [12817][-none-][FATAL]  Query Failed: SELECT t1.id,t1.`parent_lead_id`,t1.`lead_id`,t2.assigned_user_id FROM `leads_duplicate` AS t1 INNER JOIN leads AS t2 ON t1.parent_lead_id=t2.id WHERE (t1.`is_assigened`=0) AND (t2.assigned_user_id!='NULL') LIMIT 0,50: MySQL error 1054: Unknown column 't1.is_assigened' in 'where clause'
Wed Feb 15 04:42:14 2017 [12769][1][FATAL] Caught error: Accessing static property ImportFieldSanitize::$createdBeans as non static
Wed Feb 15 04:42:15 2017 [12769][1][FATAL] Caught error: stat(): stat failed for upload/import/status_1.csv
Wed Feb 15 04:42:15 2017 [12769][1][FATAL] Caught error: touch(): UploadStream::stream_metadata is not implemented!
Wed Feb 15 04:42:30 2017 [11602][-none-][FATAL]  Query Failed: SELECT t1.id,t1.`parent_lead_id`,t1.`lead_id`,t2.assigned_user_id FROM `leads_duplicate` AS t1 INNER JOIN leads AS t2 ON t1.parent_lead_id=t2.id WHERE (t1.`is_assigened`=0) AND (t2.assigned_user_id!='NULL') LIMIT 0,50: MySQL error 1054: Unknown column 't1.is_assigened' in 'where clause'
Wed Feb 15 04:42:31 2017 [11602][-none-][FATAL]  Query Failed: SELECT t1.id,t1.`parent_lead_id`,t1.`lead_id`,t2.assigned_user_id FROM `leads_duplicate` AS t1 INNER JOIN leads AS t2 ON t1.parent_lead_id=t2.id WHERE (t1.`is_assigened`=0) AND (t2.assigned_user_id!='NULL') LIMIT 0,50: MySQL error 1054: Unknown column 't1.is_assigened' in 'where clause'
Wed Feb 15 04:42:33 2017 [11602][-none-][FATAL]  Query Failed: SELECT t1.id,t1.`parent_lead_id`,t1.`lead_id`,t2.assigned_user_id FROM `leads_duplicate` AS t1 INNER JOIN leads AS t2 ON t1.parent_lead_id=t2.id WHERE (t1.`is_assigened`=0) AND (t2.assigned_user_id!='NULL') LIMIT 0,50: MySQL error 1054: Unknown column 't1.is_assigened' in 'where clause'
Wed Feb 15 04:42:38 2017 [11602][-none-][FATAL]  Query Failed: SELECT t1.id,t1.`parent_lead_id`,t1.`lead_id`,t2.assigned_user_id FROM `leads_duplicate` AS t1 INNER JOIN leads AS t2 ON t1.parent_lead_id=t2.id WHERE (t1.`is_assigened`=0) AND (t2.assigned_user_id!='NULL') LIMIT 0,50: MySQL error 1054: Unknown column 't1.is_assigened' in 'where clause'
Wed Feb 15 04:51:50 2017 [13223][1][FATAL] Caught error: Accessing static property ImportFieldSanitize::$createdBeans as non static
Wed Feb 15 04:51:51 2017 [13223][1][FATAL] Caught error: stat(): stat failed for upload/import/status_1.csv
Wed Feb 15 04:51:51 2017 [13223][1][FATAL] Caught error: touch(): UploadStream::stream_metadata is not implemented!
Wed Feb 15 05:02:27 2017 [12817][-none-][FATAL]  Query Failed: SELECT t1.id,t1.`parent_lead_id`,t1.`lead_id`,t2.assigned_user_id FROM `leads_duplicate` AS t1 INNER JOIN leads AS t2 ON t1.parent_lead_id=t2.id WHERE (t1.`is_assigened`=0) AND (t2.assigned_user_id!='NULL') LIMIT 0,50: MySQL error 1054: Unknown column 't1.is_assigened' in 'where clause'
Wed Feb 15 05:03:04 2017 [12558][-none-][FATAL]  Query Failed: SELECT t1.id,t1.`parent_lead_id`,t1.`lead_id`,t2.assigned_user_id FROM `leads_duplicate` AS t1 INNER JOIN leads AS t2 ON t1.parent_lead_id=t2.id WHERE (t1.`is_assigened`=0) AND (t2.assigned_user_id!='NULL') LIMIT 0,50: MySQL error 1054: Unknown column 't1.is_assigened' in 'where clause'
Wed Feb 15 05:03:06 2017 [12558][-none-][FATAL]  Query Failed: SELECT t1.id,t1.`parent_lead_id`,t1.`lead_id`,t2.assigned_user_id FROM `leads_duplicate` AS t1 INNER JOIN leads AS t2 ON t1.parent_lead_id=t2.id WHERE (t1.`is_assigened`=0) AND (t2.assigned_user_id!='NULL') LIMIT 0,50: MySQL error 1054: Unknown column 't1.is_assigened' in 'where clause'
Wed Feb 15 05:03:07 2017 [12558][-none-][FATAL]  Query Failed: SELECT t1.id,t1.`parent_lead_id`,t1.`lead_id`,t2.assigned_user_id FROM `leads_duplicate` AS t1 INNER JOIN leads AS t2 ON t1.parent_lead_id=t2.id WHERE (t1.`is_assigened`=0) AND (t2.assigned_user_id!='NULL') LIMIT 0,50: MySQL error 1054: Unknown column 't1.is_assigened' in 'where clause'
Wed Feb 15 06:11:32 2017 [14144][-none-][FATAL]  Query Failed: SELECT t1.id,t1.`parent_lead_id`,t1.`lead_id`,t2.assigned_user_id FROM `leads_duplicate` AS t1 INNER JOIN leads AS t2 ON t1.parent_lead_id=t2.id WHERE (t1.`is_assigened`=0) AND (t2.assigned_user_id!='NULL') LIMIT 0,50: MySQL error 1054: Unknown column 't1.is_assigened' in 'where clause'
